  pH           0     1     2     3     4     5     6     7     8     9    10    11    12    13    14
NTR+A0001_  1.00  1.00  1.00  1.00  0.97  0.77  0.25  0.03  0.00  0.00  0.00  0.00  0.00  0.00  0.00
LYS+A0001_  1.00  1.00  1.00  1.00  1.00  1.00  1.00  1.00  0.96  0.73  0.22  0.03  0.00  0.00  0.00
ARG+A0005_  1.00  1.00  1.00  1.00  1.00  1.00  1.00  1.00  1.00  1.00  0.99  0.93  0.57  0.12  0.02
GLU-A0007_ -0.00 -0.00 -0.00 -0.03 -0.23 -0.75 -0.98 -1.00 -1.00 -1.00 -1.00 -1.00 -1.00 -1.00 -1.00
LYS+A0013_  1.00  1.00  1.00  1.00  1.00  1.00  1.00  1.00  0.96  0.67  0.17  0.02  0.00  0.00  0.00
ARG+A0014_  1.00  1.00  1.00  1.00  1.00  1.00  1.00  1.00  1.00  1.00  1.00  0.95  0.66  0.16  0.02
HIS+A0015_  1.00  1.00  1.00  1.00  0.99  0.93  0.52  0.10  0.01  0.00  0.00  0.00  0.00  0.00  0.00
ASP-A0018_ -0.00 -0.00 -0.05 -0.35 -0.84 -0.98 -1.00 -1.00 -1.00 -1.00 -1.00 -1.00 -1.00 -1.00 -1.00
TYR-A0020_ -0.00 -0.00 -0.00 -0.00 -0.00 -0.00 -0.00 -0.00 -0.00 -0.00 -0.00 -0.00 -0.01 -0.13 -0.59
ARG+A0021_  1.00  1.00  1.00  1.00  1.00  1.00  1.00  1.00  1.00  1.00  1.00  0.94  0.62  0.14  0.02
TYR-A0023_ -0.00 -0.00 -0.00 -0.00 -0.00 -0.00 -0.00 -0.00 -0.00 -0.02 -0.17 -0.68 -0.95 -1.00 -1.00
LYS+A0033_  1.00  1.00  1.00  1.00  1.00  1.00  1.00  1.00  0.97  0.74  0.22  0.03  0.00  0.00  0.00
GLU-A0035_ -0.00 -0.00 -0.00 -0.00 -0.02 -0.19 -0.69 -0.95 -1.00 -1.00 -1.00 -1.00 -1.00 -1.00 -1.00
ARG+A0045_  1.00  1.00  1.00  1.00  1.00  1.00  1.00  1.00  1.00  1.00  1.00  0.96  0.71  0.19  0.02
ASP-A0048_ -0.00 -0.00 -0.00 -0.02 -0.15 -0.65 -0.95 -1.00 -1.00 -1.00 -1.00 -1.00 -1.00 -1.00 -1.00
ASP-A0052_ -0.00 -0.00 -0.00 -0.00 -0.05 -0.31 -0.82 -0.99 -1.00 -1.00 -1.00 -1.00 -1.00 -1.00 -1.00
TYR-A0053_ -0.00 -0.00 -0.00 -0.00 -0.00 -0.00 -0.00 -0.00 -0.00 -0.00 -0.00 -0.01 -0.06 -0.39 -0.86
ARG+A0061_  1.00  1.00  1.00  1.00  1.00  1.00  1.00  1.00  1.00  0.99  0.94  0.60  0.13  0.02  0.00
ASP-A0066_ -0.00 -0.00 -0.00 -0.00 -0.02 -0.16 -0.67 -0.95 -1.00 -1.00 -1.00 -1.00 -1.00 -1.00 -1.00
ARG+A0068_  1.00  1.00  1.00  1.00  1.00  1.00  1.00  1.00  1.00  1.00  1.00  0.93  0.56  0.11  0.01
ARG+A0073_  1.00  1.00  1.00  1.00  1.00  1.00  1.00  1.00  1.00  1.00  0.99  0.94  0.59  0.13  0.02
ASP-A0087_ -0.00 -0.00 -0.03 -0.23 -0.74 -0.97 -1.00 -1.00 -1.00 -1.00 -1.00 -1.00 -1.00 -1.00 -1.00
LYS+A0096_  1.00  1.00  1.00  1.00  1.00  1.00  1.00  1.00  1.00  0.96  0.72  0.20  0.02  0.00  0.00
LYS+A0097_  1.00  1.00  1.00  1.00  1.00  1.00  1.00  1.00  0.99  0.95  0.67  0.17  0.02  0.00  0.00
ASP-A0101_ -0.00 -0.00 -0.00 -0.00 -0.02 -0.15 -0.64 -0.95 -1.00 -1.00 -1.00 -1.00 -1.00 -1.00 -1.00
ARG+A0112_  1.00  1.00  1.00  1.00  1.00  1.00  1.00  1.00  1.00  1.00  0.97  0.74  0.23  0.03  0.00
ARG+A0114_  1.00  1.00  1.00  1.00  1.00  1.00  1.00  1.00  1.00  1.00  1.00  0.97  0.80  0.27  0.04
LYS+A0116_  1.00  1.00  1.00  1.00  1.00  1.00  1.00  1.00  0.98  0.78  0.27  0.03  0.00  0.00  0.00
ASP-A0119_ -0.00 -0.00 -0.00 -0.01 -0.12 -0.58 -0.93 -0.99 -1.00 -1.00 -1.00 -1.00 -1.00 -1.00 -1.00
ARG+A0125_  1.00  1.00  1.00  1.00  1.00  1.00  1.00  1.00  1.00  1.00  0.99  0.86  0.39  0.06  0.01
ARG+A0128_  1.00  1.00  1.00  1.00  1.00  1.00  1.00  1.00  1.00  1.00  1.00  0.97  0.77  0.25  0.03
CTR-A0129_ -0.00 -0.00 -0.00 -0.00 -0.02 -0.15 -0.65 -0.95 -1.00 -1.00 -1.00 -1.00 -1.00 -1.00 -1.00
----------
Net_Charge 19.00 19.00 18.92 18.36 16.76 13.80  9.45  7.34  6.88  5.81  2.96 -0.41 -4.95 -10.03 -12.27
Protons    19.00 19.00 18.92 18.36 16.76 13.80  9.45  7.34  6.88  5.81  2.96 -0.41 -4.95 -10.03 -12.27
Electrons   0.00  0.00  0.00  0.00  0.00  0.00  0.00  0.00  0.00  0.00  0.00  0.00  0.00  0.00  0.00
